Build started 19/04/2016 13:10:17.
     1>Project "D:\Navneeth\SEM_2\CS7057\Assignment_1\Animation-master\Animation\Animation.vcxproj" on node 2 (Build target(s)).
     1>ClCompile:
         C:\Program Files (x86)\Microsoft Visual Studio 11.0\VC\bin\CL.exe /c /ID:\Navneeth\SEM_2\CS7057\Assignment_3\libs\AntTweakBar\include /I..\Dependancies\AntTweakBar\include /I"..\Dependancies\ImageMagick-6" /I..\Dependancies\assimp\include /I..\Dependancies\glm /I"..\Dependancies\glfw-3.0.4.bin.WIN32\include" /I"..\Dependancies\glew-1.11.0\include" /I..\Dependancies\soil\src /Zi /nologo /W3 /WX- /sdl /O2 /Oi /Oy- /GL /D WIN32 /D NDEBUG /D _CONSOLE /D _UNICODE /D UNICODE /D _CRT_SECURE_NO_WARNINGS /Gm- /EHsc /MD /GS /Gy /fp:precise /Zc:wchar_t /Zc:forScope /Fo"Release\\" /Fd"Release\vc110.pdb" /Gd /TP /analyze- /errorReport:prompt Setup.cpp main.cpp
         Setup.cpp
         main.cpp
       Link:
         C:\Program Files (x86)\Microsoft Visual Studio 11.0\VC\bin\link.exe /ERRORREPORT:PROMPT /OUT:"D:\Navneeth\SEM_2\CS7057\Assignment_1\Animation-master\Release\Animation.exe" /INCREMENTAL:NO /NOLOGO /LIBPATH:D:\Navneeth\SEM_2\CS7057\Assignment_3\libs\AntTweakBar\lib /LIBPATH:"D:\Navneeth\SEM_2\CS7057\Assignment_1\Animation-master\Dependancies\AntTweakBar\lib" /LIBPATH:..\Dependancies\AntTweakBar\lib /LIBPATH:"..\Dependancies\ImageMagick-6\lib" /LIBPATH:..\Dependancies\assimp\lib /LIBPATH:"..\Dependancies\glfw-3.0.4.bin.WIN32\lib-msvc110" /LIBPATH:"..\Dependancies\glew-1.11.0\lib\Release\Win32" /LIBPATH:..\Dependancies\soil\lib glew32.lib glfw3.lib opengl32.lib assimp.lib CORE_RL_Magick++_.lib SOIL.lib soil2.lib AntTweakBar.lib kernel32.lib user32.lib gdi32.lib winspool.lib comdlg32.lib advapi32.lib shell32.lib ole32.lib oleaut32.lib uuid.lib odbc32.lib odbccp32.lib /MANIFEST /MANIFESTUAC:"level='asInvoker' uiAccess='false'" /manifest:embed /DEBUG /PDB:"D:\Navneeth\SEM_2\CS7057\Assignment_1\Animation-master\Release\Animation.pdb" /SUBSYSTEM:CONSOLE /OPT:REF /OPT:ICF /LTCG /TLBID:1 /DYNAMICBASE /NXCOMPAT /IMPLIB:"D:\Navneeth\SEM_2\CS7057\Assignment_1\Animation-master\Release\Animation.lib" /MACHINE:X86 /SAFESEH Release\Camera.obj
         Release\ContentLoader.obj
         Release\FountainEffect.obj
         Release\main.obj
         Release\maths_funcs.obj
         Release\math_3d.obj
         Release\Particle.obj
         Release\ParticleSystem.obj
         Release\PhysicsLab_1.obj
         Release\Setup.obj
         Release\Shader.obj
     1>SOIL.lib(SOIL.obj) : warning LNK4075: ignoring '/EDITANDCONTINUE' due to '/OPT:ICF' specification
     1>LINK : warning LNK4098: defaultlib 'MSVCRTD' conflicts with use of other libs; use /NODEFAULTLIB:library
         Generating code
         Finished generating code
     1>SOIL.lib(image_DXT.obj) : warning LNK4099: PDB 'vc110.pdb' was not found with 'SOIL.lib(image_DXT.obj)' or at 'D:\Navneeth\SEM_2\CS7057\Assignment_1\Animation-master\Release\vc110.pdb'; linking object as if no debug info
     1>SOIL.lib(image_helper.obj) : warning LNK4099: PDB 'vc110.pdb' was not found with 'SOIL.lib(image_helper.obj)' or at 'D:\Navneeth\SEM_2\CS7057\Assignment_1\Animation-master\Release\vc110.pdb'; linking object as if no debug info
     1>SOIL.lib(SOIL.obj) : warning LNK4099: PDB 'vc110.pdb' was not found with 'SOIL.lib(SOIL.obj)' or at 'D:\Navneeth\SEM_2\CS7057\Assignment_1\Animation-master\Release\vc110.pdb'; linking object as if no debug info
     1>SOIL.lib(stb_image_aug.obj) : warning LNK4099: PDB 'vc110.pdb' was not found with 'SOIL.lib(stb_image_aug.obj)' or at 'D:\Navneeth\SEM_2\CS7057\Assignment_1\Animation-master\Release\vc110.pdb'; linking object as if no debug info
         Animation.vcxproj -> D:\Navneeth\SEM_2\CS7057\Assignment_1\Animation-master\Release\Animation.exe
     1>Done Building Project "D:\Navneeth\SEM_2\CS7057\Assignment_1\Animation-master\Animation\Animation.vcxproj" (Build target(s)).

Build succeeded.

Time Elapsed 00:00:02.96
