Build started 25/01/2016 14:53:39.
     1>Project "D:\Navneeth\SEM_2\CS7057\Assignment_1\Assignment_1\23.) Particle System\23.) Particle System.vcxproj" on node 2 (Build target(s)).
     1>ClCompile:
         C:\Program Files (x86)\Microsoft Visual Studio 11.0\VC\bin\CL.exe /c /Zi /nologo /W2 /WX- /O2 /Oi /Oy- /GL /D WIN32 /D NDEBUG /D _WINDOWS /Gm- /EHsc /MD /GS /Gy /fp:precise /Zc:wchar_t /Zc:forScope /Fo"Release\\" /Fd"Release\vc110.pdb" /Gd /TP /analyze- /errorReport:prompt assimp_model.cpp dirLight.cpp flyingCamera.cpp freeTypeFont.cpp heightmap.cpp material.cpp openGLControl.cpp particle_system_tf.cpp renderScene.cpp shaders.cpp skybox.cpp static_geometry.cpp texture.cpp vertexBufferObject.cpp win_OpenGLApp.cpp
         assimp_model.cpp
     1>d:\navneeth\sem_2\cs7057\assignment_1\assignment_1\23.) particle system\common_header.h(17): fatal error C1083: Cannot open include file: 'gl/glew.h': No such file or directory
         dirLight.cpp
     1>d:\navneeth\sem_2\cs7057\assignment_1\assignment_1\23.) particle system\common_header.h(17): fatal error C1083: Cannot open include file: 'gl/glew.h': No such file or directory
         flyingCamera.cpp
     1>d:\navneeth\sem_2\cs7057\assignment_1\assignment_1\23.) particle system\common_header.h(17): fatal error C1083: Cannot open include file: 'gl/glew.h': No such file or directory
         freeTypeFont.cpp
     1>d:\navneeth\sem_2\cs7057\assignment_1\assignment_1\23.) particle system\common_header.h(17): fatal error C1083: Cannot open include file: 'gl/glew.h': No such file or directory
         heightmap.cpp
     1>d:\navneeth\sem_2\cs7057\assignment_1\assignment_1\23.) particle system\common_header.h(17): fatal error C1083: Cannot open include file: 'gl/glew.h': No such file or directory
         material.cpp
     1>d:\navneeth\sem_2\cs7057\assignment_1\assignment_1\23.) particle system\common_header.h(17): fatal error C1083: Cannot open include file: 'gl/glew.h': No such file or directory
         openGLControl.cpp
     1>d:\navneeth\sem_2\cs7057\assignment_1\assignment_1\23.) particle system\common_header.h(17): fatal error C1083: Cannot open include file: 'gl/glew.h': No such file or directory
         particle_system_tf.cpp
     1>d:\navneeth\sem_2\cs7057\assignment_1\assignment_1\23.) particle system\common_header.h(17): fatal error C1083: Cannot open include file: 'gl/glew.h': No such file or directory
         renderScene.cpp
     1>d:\navneeth\sem_2\cs7057\assignment_1\assignment_1\23.) particle system\common_header.h(17): fatal error C1083: Cannot open include file: 'gl/glew.h': No such file or directory
         shaders.cpp
     1>d:\navneeth\sem_2\cs7057\assignment_1\assignment_1\23.) particle system\common_header.h(17): fatal error C1083: Cannot open include file: 'gl/glew.h': No such file or directory
         skybox.cpp
     1>d:\navneeth\sem_2\cs7057\assignment_1\assignment_1\23.) particle system\common_header.h(17): fatal error C1083: Cannot open include file: 'gl/glew.h': No such file or directory
         static_geometry.cpp
     1>d:\navneeth\sem_2\cs7057\assignment_1\assignment_1\23.) particle system\common_header.h(17): fatal error C1083: Cannot open include file: 'gl/glew.h': No such file or directory
         texture.cpp
     1>d:\navneeth\sem_2\cs7057\assignment_1\assignment_1\23.) particle system\common_header.h(17): fatal error C1083: Cannot open include file: 'gl/glew.h': No such file or directory
         vertexBufferObject.cpp
     1>d:\navneeth\sem_2\cs7057\assignment_1\assignment_1\23.) particle system\common_header.h(17): fatal error C1083: Cannot open include file: 'gl/glew.h': No such file or directory
         win_OpenGLApp.cpp
     1>d:\navneeth\sem_2\cs7057\assignment_1\assignment_1\23.) particle system\common_header.h(17): fatal error C1083: Cannot open include file: 'gl/glew.h': No such file or directory
     1>Done Building Project "D:\Navneeth\SEM_2\CS7057\Assignment_1\Assignment_1\23.) Particle System\23.) Particle System.vcxproj" (Build target(s)) -- FAILED.

Build FAILED.

Time Elapsed 00:00:08.28
